Desktop is 1920 x 1152 @ 60 Hz
Initialize engine version: 2018.4.12f1 (59ddc4c59b4f)
GfxDevice: creating device client; threaded=1
Renderer: Mali-T860 (Panfrost)
Vendor:   Panfrost
Version:  3.3 (Core Profile) Mesa 22.3.0-devel (git-d5394296be)
GLES:     0
 GL_AMD_conservative_depth GL_AMD_depth_clamp_separate GL_AMD_draw_buffers_blend GL_AMD_multi_draw_indirect GL_AMD_seamless_cubemap_per_texture GL_AMD_shader_stencil_export GL_AMD_shader_trinary_minmax GL_AMD_texture_texture4 GL_ANGLE_texture_compression_dxt3 GL_ANGLE_texture_compression_dxt5 GL_ARB_ES2_compatibility GL_ARB_ES3_compatibility GL_ARB_arrays_of_arrays GL_ARB_blend_func_extended GL_ARB_buffer_storage GL_ARB_clear_buffer_object GL_ARB_compressed_texture_pixel_storage GL_ARB_conditional_render_inverted GL_ARB_conservative_depth GL_ARB_copy_buffer GL_ARB_debug_output GL_ARB_depth_buffer_float GL_ARB_depth_clamp GL_ARB_direct_state_access GL_ARB_draw_buffers GL_ARB_draw_buffers_blend GL_ARB_draw_elements_base_vertex GL_ARB_draw_indirect GL_ARB_draw_instanced GL_ARB_enhanced_layouts GL_ARB_explicit_attrib_location GL_ARB_explicit_uniform_location GL_ARB_fragment_coord_conventions GL_ARB_fragment_shader GL_ARB_framebuffer_no_attachments GL_ARB_framebuffer_object GL_ARB_framebuffer_sRGB GL_ARB_get_prog
ram_binary GL_ARB_get_texture_sub_image GL_ARB_half_float_pixel GL_ARB_half_float_vertex GL_ARB_instanced_arrays GL_ARB_internalformat_query GL_ARB_internalformat_query2 GL_ARB_invalidate_subdata GL_ARB_map_buffer_alignment GL_ARB_map_buffer_range GL_ARB_multi_bind GL_ARB_multi_draw_indirect GL_ARB_occlusion_query2 GL_ARB_parallel_shader_compile GL_ARB_pixel_buffer_object GL_ARB_point_sprite GL_ARB_program_interface_query GL_ARB_provoking_vertex GL_ARB_robustness GL_ARB_sample_shading GL_ARB_sampler_objects GL_ARB_seamless_cube_map GL_ARB_seamless_cubemap_per_texture GL_ARB_separate_shader_objects GL_ARB_shader_atomic_counter_ops GL_ARB_shader_atomic_counters GL_ARB_shader_bit_encoding GL_ARB_shader_image_load_store GL_ARB_shader_image_size GL_ARB_shader_objects GL_ARB_shader_stencil_export GL_ARB_shader_storage_buffer_object GL_ARB_shader_subroutine GL_ARB_shader_texture_lod GL_ARB_shading_language_420pack GL_ARB_shading_language_include GL_ARB_shading_language_packing GL_ARB_stencil_texturing GL_ARB_sync G
L_ARB_texture_buffer_object GL_ARB_texture_buffer_object_rgb32 GL_ARB_texture_buffer_range GL_ARB_texture_compression_bptc GL_ARB_texture_compression_rgtc GL_ARB_texture_cube_map_array GL_ARB_texture_float GL_ARB_texture_gather GL_ARB_texture_mirror_clamp_to_edge GL_ARB_texture_multisample GL_ARB_texture_non_power_of_two GL_ARB_texture_query_levels GL_ARB_texture_rectangle GL_ARB_texture_rg GL_ARB_texture_rgb10_a2ui GL_ARB_texture_stencil8 GL_ARB_texture_storage GL_ARB_texture_storage_multisample GL_ARB_texture_swizzle GL_ARB_texture_view GL_ARB_timer_query GL_ARB_transform_feedback2 GL_ARB_transform_feedback3 GL_ARB_transform_feedback_instanced GL_ARB_uniform_buffer_object GL_ARB_vertex_array_bgra GL_ARB_vertex_array_object GL_ARB_vertex_attrib_binding GL_ARB_vertex_buffer_object GL_ARB_vertex_shader GL_ARB_vertex_type_10f_11f_11f_rev GL_ARB_vertex_type_2_10_10_10_rev GL_ATI_blend_equation_separate GL_ATI_texture_float GL_ATI_texture_mirror_once GL_EXT_EGL_image_storage GL_EXT_EGL_sync GL_EXT_abgr GL_EXT_bl
end_equation_separate GL_EXT_draw_buffers2 GL_EXT_draw_instanced GL_EXT_framebuffer_blit GL_EXT_framebuffer_multisample GL_EXT_framebuffer_multisample_blit_scaled GL_EXT_framebuffer_object GL_EXT_framebuffer_sRGB GL_EXT_packed_depth_stencil GL_EXT_packed_float GL_EXT_pixel_buffer_object GL_EXT_provoking_vertex GL_EXT_shader_framebuffer_fetch GL_EXT_shader_framebuffer_fetch_non_coherent GL_EXT_shader_image_load_formatted GL_EXT_shader_integer_mix GL_EXT_texture_array GL_EXT_texture_compression_dxt1 GL_EXT_texture_compression_rgtc GL_EXT_texture_compression_s3tc GL_EXT_texture_integer GL_EXT_texture_mirror_clamp GL_EXT_texture_sRGB GL_EXT_texture_sRGB_R8 GL_EXT_texture_sRGB_RG8 GL_EXT_texture_sRGB_decode GL_EXT_texture_shared_exponent GL_EXT_texture_snorm GL_EXT_texture_swizzle GL_EXT_timer_query GL_EXT_transform_feedback GL_EXT_vertex_array_bgra GL_IBM_multimode_draw_arrays GL_INTEL_blackhole_render GL_KHR_blend_equation_advanced GL_KHR_blend_equation_advanced_coherent GL_KHR_context_flush_control GL_KHR_debu
g GL_KHR_no_error GL_KHR_parallel_shader_compile GL_KHR_texture_compression_astc_ldr GL_KHR_texture_compression_astc_sliced_3d GL_MESA_pack_invert GL_MESA_shader_integer_functions GL_MESA_texture_signed_rgba GL_NV_conditional_render GL_NV_copy_image GL_NV_depth_clamp GL_NV_packed_depth_stencil GL_OES_EGL_image GL_S3_s3tc
OPENGL LOG: Creating OpenGL 3.3 graphics device ; Context level  <OpenGL 3.3> ; Context handle -1458325760
Begin MonoManager ReloadAssembly
- Completed reload, in  0.718 seconds
OnLevelWasLoaded was found on SoundEffectLoopPlayerPersistent
This message has been deprecated and will be removed in a later version of Unity.
Add a delegate to SceneManager.sceneLoaded instead to get notifications after scene loading has completed
 
(Filename:  Line: 356)

Default vsync count 1
requesting resize 1920 x 1152
Using native desktop resolution 1920 x 1152
requesting fullscreen 1920 x 1152 at 0 Hz
Desktop is 1920 x 1152 @ 60 Hz
UnloadTime: 53.167000 ms
DEFAULT VSYNC / TARGET FRAME RATE: 1 / -1
 
(Filename: ./Runtime/Export/Debug.bindings.h Line: 45)

Curl error 77: Error reading ca cert file from /etc/ssl/certs/ca-certificates.crt
The referenced script on this Behaviour (Game Object '<null>') is missing!
 
(Filename:  Line: 294)

Curl error 77: Error reading ca cert file from /etc/ssl/certs/ca-certificates.crt
Curl error 77: Error reading ca cert file from /etc/ssl/certs/ca-certificates.crt
Curl error 77: Error reading ca cert file from /etc/ssl/certs/ca-certificates.crt
Plugins: Couldn't open /storage/roms/ports/dandara/gamedata/Dandara_Data/Mono/x86_64/libudev.so, error: Cannot dlopen("/storage/roms/ports/dandara/gamedata/Dandara_Data/Mono/x86_64/libudev.so"/0xffffac5c0790, 2)

 
(Filename:  Line: 240)

Fallback handler could not load library /storage/roms/ports/dandara/gamedata/Dandara_Data/Mono/x86_64/libudev.so
Fallback handler could not load library /storage/roms/ports/dandara/gamedata/Dandara_Data/Mono/x86_64/./libudev.so
Fallback handler could not load library /storage/roms/ports/dandara/gamedata/Dandara_Data/Mono/x86_64/libudev.so
DontDestroyOnLoad only work for root GameObjects or components on root GameObjects.
 
(Filename:  Line: 543)

DontDestroyOnLoad only work for root GameObjects or components on root GameObjects.
 
(Filename:  Line: 543)

DontDestroyOnLoad only work for root GameObjects or components on root GameObjects.
 
(Filename:  Line: 543)

DontDestroyOnLoad only work for root GameObjects or components on root GameObjects.
 
(Filename:  Line: 543)

Curl error 77: Error reading ca cert file from /etc/ssl/certs/ca-certificates.crt
Curl error 77: Error reading ca cert file from /etc/ssl/certs/ca-certificates.crt
Unloading 7 Unused Serialized files (Serialized files now loaded: 0)
UnloadTime: 105.203000 ms
Can not play a disabled audio source
 
(Filename:  Line: 445)


Unloading 215 unused Assets to reduce memory usage. Loaded Objects now: 17799.
Total: 160.716000 ms (FindLiveObjects: 7.354000 ms CreateObjectMapping: 3.665000 ms MarkObjects: 140.808000 ms  DeleteObjects: 8.886000 ms)

Unloading 12 Unused Serialized files (Serialized files now loaded: 0)
UnloadTime: 3.263000 ms

Unloading 5 unused Assets to reduce memory usage. Loaded Objects now: 18540.
Total: 148.493000 ms (FindLiveObjects: 7.326000 ms CreateObjectMapping: 3.258000 ms MarkObjects: 137.091000 ms  DeleteObjects: 0.817000 ms)

Unloading 3 Unused Serialized files (Serialized files now loaded: 0)
UnloadTime: 33.284000 ms
Can not play a disabled audio source
 
(Filename:  Line: 445)


Unloading 727 unused Assets to reduce memory usage. Loaded Objects now: 12504.
Total: 145.871000 ms (FindLiveObjects: 5.038000 ms CreateObjectMapping: 3.153000 ms MarkObjects: 114.582000 ms  DeleteObjects: 23.097000 ms)

Unloading 6 Unused Serialized files (Serialized files now loaded: 0)
UnloadTime: 37.143000 ms
Can not play a disabled audio source
 
(Filename:  Line: 445)


Unloading 209 unused Assets to reduce memory usage. Loaded Objects now: 17874.
Total: 141.913000 ms (FindLiveObjects: 6.730000 ms CreateObjectMapping: 3.036000 ms MarkObjects: 128.486000 ms  DeleteObjects: 3.659000 ms)

Curl error 77: Error reading ca cert file from /etc/ssl/certs/ca-certificates.crt
Unloading 13 Unused Serialized files (Serialized files now loaded: 0)
UnloadTime: 2.631000 ms

Unloading 3 unused Assets to reduce memory usage. Loaded Objects now: 18540.
Total: 145.772000 ms (FindLiveObjects: 7.331000 ms CreateObjectMapping: 5.144000 ms MarkObjects: 132.978000 ms  DeleteObjects: 0.316000 ms)

Unloading 3 Unused Serialized files (Serialized files now loaded: 0)
UnloadTime: 14.680000 ms
Can not play a disabled audio source
 
(Filename:  Line: 445)


Unloading 727 unused Assets to reduce memory usage. Loaded Objects now: 12504.
Total: 135.976000 ms (FindLiveObjects: 5.079000 ms CreateObjectMapping: 2.958000 ms MarkObjects: 115.463000 ms  DeleteObjects: 12.476000 ms)

Unloading 6 Unused Serialized files (Serialized files now loaded: 0)
UnloadTime: 35.602000 ms
Can not play a disabled audio source
 
(Filename:  Line: 445)


Unloading 207 unused Assets to reduce memory usage. Loaded Objects now: 17876.
Total: 145.910000 ms (FindLiveObjects: 6.544000 ms CreateObjectMapping: 3.273000 ms MarkObjects: 132.558000 ms  DeleteObjects: 3.534000 ms)

Unloading 9 Unused Serialized files (Serialized files now loaded: 0)
UnloadTime: 2.415000 ms

Unloading 5 unused Assets to reduce memory usage. Loaded Objects now: 17507.
Total: 145.764000 ms (FindLiveObjects: 6.726000 ms CreateObjectMapping: 4.228000 ms MarkObjects: 134.043000 ms  DeleteObjects: 0.767000 ms)

Unloading 12 Unused Serialized files (Serialized files now loaded: 0)
UnloadTime: 9.120000 ms

Unloading 31 unused Assets to reduce memory usage. Loaded Objects now: 18540.
Total: 146.110000 ms (FindLiveObjects: 7.445000 ms CreateObjectMapping: 3.162000 ms MarkObjects: 134.316000 ms  DeleteObjects: 1.187000 ms)

Unloading 8 Unused Serialized files (Serialized files now loaded: 0)
UnloadTime: 14.616000 ms

Unloading 113 unused Assets to reduce memory usage. Loaded Objects now: 17887.
Total: 150.510000 ms (FindLiveObjects: 6.795000 ms CreateObjectMapping: 3.219000 ms MarkObjects: 136.936000 ms  DeleteObjects: 3.559000 ms)

Unloading 11 Unused Serialized files (Serialized files now loaded: 0)
UnloadTime: 20.273000 ms

Unloading 2 unused Assets to reduce memory usage. Loaded Objects now: 21535.
Total: 169.744000 ms (FindLiveObjects: 8.374000 ms CreateObjectMapping: 3.212000 ms MarkObjects: 157.891000 ms  DeleteObjects: 0.265000 ms)

Unloading 12 Unused Serialized files (Serialized files now loaded: 0)
UnloadTime: 36.910000 ms

Unloading 244 unused Assets to reduce memory usage. Loaded Objects now: 18576.
Total: 152.025000 ms (FindLiveObjects: 7.150000 ms CreateObjectMapping: 3.552000 ms MarkObjects: 134.173000 ms  DeleteObjects: 7.148000 ms)

Unloading 11 Unused Serialized files (Serialized files now loaded: 0)
UnloadTime: 12.600000 ms

Unloading 114 unused Assets to reduce memory usage. Loaded Objects now: 18339.
Total: 148.448000 ms (FindLiveObjects: 7.293000 ms CreateObjectMapping: 3.237000 ms MarkObjects: 133.749000 ms  DeleteObjects: 4.166000 ms)

Unloading 12 Unused Serialized files (Serialized files now loaded: 0)
UnloadTime: 31.554000 ms

Unloading 137 unused Assets to reduce memory usage. Loaded Objects now: 18575.
Total: 150.586000 ms (FindLiveObjects: 7.108000 ms CreateObjectMapping: 3.068000 ms MarkObjects: 135.542000 ms  DeleteObjects: 4.867000 ms)

Unloading 11 Unused Serialized files (Serialized files now loaded: 0)
UnloadTime: 11.654000 ms

Unloading 113 unused Assets to reduce memory usage. Loaded Objects now: 18339.
Total: 147.976000 ms (FindLiveObjects: 7.059000 ms CreateObjectMapping: 3.362000 ms MarkObjects: 134.147000 ms  DeleteObjects: 3.406000 ms)

Unloading 11 Unused Serialized files (Serialized files now loaded: 0)
UnloadTime: 24.101000 ms

Unloading 2 unused Assets to reduce memory usage. Loaded Objects now: 18393.
Total: 148.683000 ms (FindLiveObjects: 7.113000 ms CreateObjectMapping: 3.287000 ms MarkObjects: 137.978000 ms  DeleteObjects: 0.303000 ms)

Unloading 3 Unused Serialized files (Serialized files now loaded: 0)
UnloadTime: 20.333000 ms
Can not play a disabled audio source
 
(Filename:  Line: 445)


Unloading 720 unused Assets to reduce memory usage. Loaded Objects now: 12598.
Total: 144.682000 ms (FindLiveObjects: 6.874000 ms CreateObjectMapping: 3.504000 ms MarkObjects: 120.358000 ms  DeleteObjects: 13.945000 ms)

Setting up 3 worker threads for Enlighten.
  Thread -> id: ffff0fffefc0 -> priority: 1 
  Thread -> id: ffff0f4eefc0 -> priority: 1 
  Thread -> id: ffff06e9efc0 -> priority: 1 
